빌드 시작: 2014-06-04 오후 2:35:54
     1>2 노드의 "C:\Users\seo\Documents\GitHub\privateProj\Graphic_editor\Graphic_editor.vcxproj" 프로젝트(build 대상)입니다.
     1>InitializeBuildStatus:
         "AlwaysCreate"이(가) 지정되었기 때문에 "Debug\Graphic_editor.unsuccessfulbuild"을(를) 만들고 있습니다.
       ClCompile:
         모든 출력이 최신 상태입니다.
         모든 출력이 최신 상태입니다.
       ResourceCompile:
         모든 출력이 최신 상태입니다.
       ManifestResourceCompile:
         모든 출력이 최신 상태입니다.
       Link:
         모든 출력이 최신 상태입니다.
       Manifest:
         모든 출력이 최신 상태입니다.
         모든 출력이 최신 상태입니다.
       FinalizeBuildStatus:
         "Debug\Graphic_editor.unsuccessfulbuild" 파일을 삭제하고 있습니다.
         "Debug\Graphic_editor.lastbuildstate"에 연결(touching)하고 있습니다.
     1>"C:\Users\seo\Documents\GitHub\privateProj\Graphic_editor\Graphic_editor.vcxproj" 프로젝트를 빌드했습니다(build 대상).

빌드했습니다.

경과 시간: 00:00:01.10
