C:\USERS\SEO\DESKTOP\새 폴더\6_7\DEBUG\GRAPHIC_EDITOR.EXE
C:\USERS\SEO\DESKTOP\새 폴더\6_7\DEBUG\GRAPHIC_EDITOR.ILK
C:\USERS\SEO\DESKTOP\새 폴더\6_7\DEBUG\GRAPHIC_EDITOR.PDB
C:\USERS\SEO\DESKTOP\새 폴더\6_7\GRAPHIC_EDITOR\DEBUG\BUTTONS.OBJ
C:\Users\seo\Desktop\새 폴더\6_7\Graphic_editor\Debug\cl.command.1.tlog
C:\Users\seo\Desktop\새 폴더\6_7\Graphic_editor\Debug\CL.read.1.tlog
C:\Users\seo\Desktop\새 폴더\6_7\Graphic_editor\Debug\CL.write.1.tlog
C:\USERS\SEO\DESKTOP\새 폴더\6_7\GRAPHIC_EDITOR\DEBUG\GRAPHIC.OBJ
C:\USERS\SEO\DESKTOP\새 폴더\6_7\GRAPHIC_EDITOR\DEBUG\GRAPHIC_EDITOR.EXE.EMBED.MANIFEST
C:\USERS\SEO\DESKTOP\새 폴더\6_7\GRAPHIC_EDITOR\DEBUG\GRAPHIC_EDITOR.EXE.EMBED.MANIFEST.RES
C:\USERS\SEO\DESKTOP\새 폴더\6_7\GRAPHIC_EDITOR\DEBUG\GRAPHIC_EDITOR.EXE.INTERMEDIATE.MANIFEST
C:\USERS\SEO\DESKTOP\새 폴더\6_7\GRAPHIC_EDITOR\DEBUG\GRAPHIC_EDITOR.OBJ
C:\USERS\SEO\DESKTOP\새 폴더\6_7\GRAPHIC_EDITOR\DEBUG\GRAPHIC_EDITOR.PCH
C:\USERS\SEO\DESKTOP\새 폴더\6_7\GRAPHIC_EDITOR\DEBUG\GRAPHIC_EDITOR.RES
C:\Users\seo\Desktop\새 폴더\6_7\Graphic_editor\Debug\Graphic_editor.write.1.tlog
C:\Users\seo\Desktop\새 폴더\6_7\Graphic_editor\Debug\Graphic_editor_manifest.rc
C:\USERS\SEO\DESKTOP\새 폴더\6_7\GRAPHIC_EDITOR\DEBUG\GRAPHIC_EDITORDOC.OBJ
C:\Users\seo\Desktop\새 폴더\6_7\Graphic_editor\Debug\link.command.1.tlog
C:\Users\seo\Desktop\새 폴더\6_7\Graphic_editor\Debug\link.read.1.tlog
C:\Users\seo\Desktop\새 폴더\6_7\Graphic_editor\Debug\link.write.1.tlog
C:\Users\seo\Desktop\새 폴더\6_7\Graphic_editor\Debug\link-cvtres.read.1.tlog
C:\Users\seo\Desktop\새 폴더\6_7\Graphic_editor\Debug\link-cvtres.write.1.tlog
C:\USERS\SEO\DESKTOP\새 폴더\6_7\GRAPHIC_EDITOR\DEBUG\MAINFRM.OBJ
C:\Users\seo\Desktop\새 폴더\6_7\Graphic_editor\Debug\mt.command.1.tlog
C:\Users\seo\Desktop\새 폴더\6_7\Graphic_editor\Debug\mt.read.1.tlog
C:\Users\seo\Desktop\새 폴더\6_7\Graphic_editor\Debug\mt.write.1.tlog
C:\Users\seo\Desktop\새 폴더\6_7\Graphic_editor\Debug\rc.command.1.tlog
C:\Users\seo\Desktop\새 폴더\6_7\Graphic_editor\Debug\rc.read.1.tlog
C:\Users\seo\Desktop\새 폴더\6_7\Graphic_editor\Debug\rc.write.1.tlog
C:\USERS\SEO\DESKTOP\새 폴더\6_7\GRAPHIC_EDITOR\DEBUG\SCROLL.OBJ
C:\USERS\SEO\DESKTOP\새 폴더\6_7\GRAPHIC_EDITOR\DEBUG\STDAFX.OBJ
C:\Users\seo\Desktop\새 폴더\6_7\Graphic_editor\Debug\vc100.idb
C:\USERS\SEO\DESKTOP\새 폴더\6_7\GRAPHIC_EDITOR\DEBUG\VC100.PDB
